e:\projects\round 2\project\dx11uwa\dx11uwa\x64\debug\pch.pch
e:\projects\round 2\project\dx11uwa\dx11uwa\x64\debug\vc140.pdb
e:\projects\round 2\project\dx11uwa\dx11uwa\x64\debug\vc140.idb
e:\projects\round 2\project\dx11uwa\dx11uwa\x64\debug\pch.obj
e:\projects\round 2\project\dx11uwa\dx11uwa\x64\debug\app.obj
e:\projects\round 2\project\dx11uwa\dx11uwa\x64\debug\ddstextureloader.obj
e:\projects\round 2\project\dx11uwa\dx11uwa\x64\debug\dx11uwamain.obj
e:\projects\round 2\project\dx11uwa\dx11uwa\x64\debug\samplefpstextrenderer.obj
e:\projects\round 2\project\dx11uwa\dx11uwa\x64\debug\deviceresources.obj
e:\projects\round 2\project\dx11uwa\dx11uwa\x64\debug\sample3dscenerenderer.obj
e:\projects\round 2\project\dx11uwa\x64\debug\dx11uwa\samplepixelshader.cso
e:\projects\round 2\project\dx11uwa\x64\debug\dx11uwa\samplevertexshader.cso
e:\projects\round 2\project\dx11uwa\x64\debug\dx11uwa\floorpixelshader.cso
e:\projects\round 2\project\dx11uwa\x64\debug\dx11uwa\floorvertexshader.cso
e:\projects\round 2\project\dx11uwa\x64\debug\dx11uwa\lightingpixelshader.cso
e:\projects\round 2\project\dx11uwa\x64\debug\dx11uwa\lightingvertexshader.cso
e:\projects\round 2\project\dx11uwa\x64\debug\dx11uwa\skypixelshader.cso
e:\projects\round 2\project\dx11uwa\x64\debug\dx11uwa\skyvertexshader.cso
e:\projects\round 2\project\dx11uwa\x64\debug\dx11uwa\dx11uwa.winmd
e:\projects\round 2\project\dx11uwa\dx11uwa\x64\debug\resourcehandlingtask.state
e:\projects\round 2\project\dx11uwa\dx11uwa\x64\debug\priconfig.xml
e:\projects\round 2\project\dx11uwa\dx11uwa\x64\debug\priconfig.xml.intermediate
e:\projects\round 2\project\dx11uwa\dx11uwa\x64\debug\layout.resfiles
e:\projects\round 2\project\dx11uwa\dx11uwa\x64\debug\layout.resfiles.intermediate
e:\projects\round 2\project\dx11uwa\dx11uwa\x64\debug\resources.resfiles
e:\projects\round 2\project\dx11uwa\dx11uwa\x64\debug\resources.resfiles.intermediate
e:\projects\round 2\project\dx11uwa\dx11uwa\x64\debug\pri.resfiles
e:\projects\round 2\project\dx11uwa\dx11uwa\x64\debug\pri.resfiles.intermediate
e:\projects\round 2\project\dx11uwa\x64\debug\dx11uwa\resources.pri
e:\projects\round 2\project\dx11uwa\dx11uwa\x64\debug\qualifiers.txt
e:\projects\round 2\project\dx11uwa\dx11uwa\x64\debug\qualifiers.txt.intermediate
e:\projects\round 2\project\dx11uwa\dx11uwa\x64\debug\multiplequalifiersperdimensionfound.txt
e:\projects\round 2\project\dx11uwa\dx11uwa\x64\debug\projectarchitectures.txt
e:\projects\round 2\project\dx11uwa\x64\debug\dx11uwa\appxmanifest.xml
e:\projects\round 2\project\dx11uwa\x64\debug\dx11uwa\dx11uwa.build.appxrecipe
e:\projects\round 2\project\dx11uwa\dx11uwa\x64\debug\dx11uwa.vcxprojresolveassemblyreference.cache
e:\projects\round 2\project\dx11uwa\x64\debug\dx11uwa\dx11uwa.ilk
e:\projects\round 2\project\dx11uwa\x64\debug\dx11uwa\dx11uwa.exe
e:\projects\round 2\project\dx11uwa\x64\debug\dx11uwa\dx11uwa.pdb
e:\projects\round 2\project\dx11uwa\dx11uwa\x64\debug\embed.resfiles
e:\projects\round 2\project\dx11uwa\dx11uwa\x64\debug\dx11uwa.tlog\cl.command.1.tlog
e:\projects\round 2\project\dx11uwa\dx11uwa\x64\debug\dx11uwa.tlog\cl.read.1.tlog
e:\projects\round 2\project\dx11uwa\dx11uwa\x64\debug\dx11uwa.tlog\cl.write.1.tlog
e:\projects\round 2\project\dx11uwa\dx11uwa\x64\debug\dx11uwa.tlog\dx11uwa.read.1u.tlog
e:\projects\round 2\project\dx11uwa\dx11uwa\x64\debug\dx11uwa.tlog\dx11uwa.write.1u.tlog
e:\projects\round 2\project\dx11uwa\dx11uwa\x64\debug\dx11uwa.tlog\fxc.command.1.tlog
e:\projects\round 2\project\dx11uwa\dx11uwa\x64\debug\dx11uwa.tlog\fxc.read.1.tlog
e:\projects\round 2\project\dx11uwa\dx11uwa\x64\debug\dx11uwa.tlog\fxc.write.1.tlog
e:\projects\round 2\project\dx11uwa\dx11uwa\x64\debug\dx11uwa.tlog\link.command.1.tlog
e:\projects\round 2\project\dx11uwa\dx11uwa\x64\debug\dx11uwa.tlog\link.read.1.tlog
e:\projects\round 2\project\dx11uwa\dx11uwa\x64\debug\dx11uwa.tlog\link.write.1.tlog
